This is pdfTeX, Version 3.14159265-2.6-1.40.16 (TeX Live 2015/Debian) (preloaded format=pdflatex 2017.11.10)  13 MAR 2018 17:34
entering extended mode
 restricted \write18 enabled.
 %&-line parsing enabled.
**report.tex
(./report.tex
LaTeX2e <2016/02/01>
Babel <3.9q> and hyphenation patterns for 3 language(s) loaded.
(/usr/share/texlive/texmf-dist/tex/latex/base/article.cls
Document Class: article 2014/09/29 v1.4h Standard LaTeX document class
(/usr/share/texlive/texmf-dist/tex/latex/base/size12.clo
File: size12.clo 2014/09/29 v1.4h Standard LaTeX file (size option)
)
\c@part=\count79
\c@section=\count80
\c@subsection=\count81
\c@subsubsection=\count82
\c@paragraph=\count83
\c@subparagraph=\count84
\c@figure=\count85
\c@table=\count86
\abovecaptionskip=\skip41
\belowcaptionskip=\skip42
\bibindent=\dimen102
)
(/usr/share/texlive/texmf-dist/tex/latex/graphics/graphicx.sty
Package: graphicx 2014/10/28 v1.0g Enhanced LaTeX Graphics (DPC,SPQR)

(/usr/share/texlive/texmf-dist/tex/latex/graphics/keyval.sty
Package: keyval 2014/10/28 v1.15 key=value parser (DPC)
\KV@toks@=\toks14
)
(/usr/share/texlive/texmf-dist/tex/latex/graphics/graphics.sty
Package: graphics 2016/01/03 v1.0q Standard LaTeX Graphics (DPC,SPQR)

(/usr/share/texlive/texmf-dist/tex/latex/graphics/trig.sty
Package: trig 2016/01/03 v1.10 sin cos tan (DPC)
)
(/usr/share/texlive/texmf-dist/tex/latex/latexconfig/graphics.cfg
File: graphics.cfg 2010/04/23 v1.9 graphics configuration of TeX Live
)
Package graphics Info: Driver file: pdftex.def on input line 95.

(/usr/share/texlive/texmf-dist/tex/latex/pdftex-def/pdftex.def
File: pdftex.def 2011/05/27 v0.06d Graphics/color for pdfTeX

(/usr/share/texlive/texmf-dist/tex/generic/oberdiek/infwarerr.sty
Package: infwarerr 2010/04/08 v1.3 Providing info/warning/error messages (HO)
)
(/usr/share/texlive/texmf-dist/tex/generic/oberdiek/ltxcmds.sty
Package: ltxcmds 2011/11/09 v1.22 LaTeX kernel commands for general use (HO)
)
\Gread@gobject=\count87
))
\Gin@req@height=\dimen103
\Gin@req@width=\dimen104
)
(/usr/share/texlive/texmf-dist/tex/latex/amsmath/amsmath.sty
Package: amsmath 2016/03/03 v2.15a AMS math features
\@mathmargin=\skip43

For additional information on amsmath, use the `?' option.
(/usr/share/texlive/texmf-dist/tex/latex/amsmath/amstext.sty
Package: amstext 2000/06/29 v2.01 AMS text

(/usr/share/texlive/texmf-dist/tex/latex/amsmath/amsgen.sty
File: amsgen.sty 1999/11/30 v2.0 generic functions
\@emptytoks=\toks15
\ex@=\dimen105
))
(/usr/share/texlive/texmf-dist/tex/latex/amsmath/amsbsy.sty
Package: amsbsy 1999/11/29 v1.2d Bold Symbols
\pmbraise@=\dimen106
)
(/usr/share/texlive/texmf-dist/tex/latex/amsmath/amsopn.sty
Package: amsopn 1999/12/14 v2.01 operator names
)
\inf@bad=\count88
LaTeX Info: Redefining \frac on input line 199.
\uproot@=\count89
\leftroot@=\count90
LaTeX Info: Redefining \overline on input line 297.
\classnum@=\count91
\DOTSCASE@=\count92
LaTeX Info: Redefining \ldots on input line 394.
LaTeX Info: Redefining \dots on input line 397.
LaTeX Info: Redefining \cdots on input line 518.
\Mathstrutbox@=\box26
\strutbox@=\box27
\big@size=\dimen107
LaTeX Font Info:    Redeclaring font encoding OML on input line 630.
LaTeX Font Info:    Redeclaring font encoding OMS on input line 631.
\macc@depth=\count93
\c@MaxMatrixCols=\count94
\dotsspace@=\muskip10
\c@parentequation=\count95
\dspbrk@lvl=\count96
\tag@help=\toks16
\row@=\count97
\column@=\count98
\maxfields@=\count99
\andhelp@=\toks17
\eqnshift@=\dimen108
\alignsep@=\dimen109
\tagshift@=\dimen110
\tagwidth@=\dimen111
\totwidth@=\dimen112
\lineht@=\dimen113
\@envbody=\toks18
\multlinegap=\skip44
\multlinetaggap=\skip45
\mathdisplay@stack=\toks19
LaTeX Info: Redefining \[ on input line 2735.
LaTeX Info: Redefining \] on input line 2736.
)
(/usr/share/texlive/texmf-dist/tex/latex/geometry/geometry.sty
Package: geometry 2010/09/12 v5.6 Page Geometry

(/usr/share/texlive/texmf-dist/tex/generic/oberdiek/ifpdf.sty
Package: ifpdf 2011/01/30 v2.3 Provides the ifpdf switch (HO)
Package ifpdf Info: pdfTeX in PDF mode is detected.
)
(/usr/share/texlive/texmf-dist/tex/generic/oberdiek/ifvtex.sty
Package: ifvtex 2010/03/01 v1.5 Detect VTeX and its facilities (HO)
Package ifvtex Info: VTeX not detected.
)
(/usr/share/texlive/texmf-dist/tex/generic/ifxetex/ifxetex.sty
Package: ifxetex 2010/09/12 v0.6 Provides ifxetex conditional
)
\Gm@cnth=\count100
\Gm@cntv=\count101
\c@Gm@tempcnt=\count102
\Gm@bindingoffset=\dimen114
\Gm@wd@mp=\dimen115
\Gm@odd@mp=\dimen116
\Gm@even@mp=\dimen117
\Gm@layoutwidth=\dimen118
\Gm@layoutheight=\dimen119
\Gm@layouthoffset=\dimen120
\Gm@layoutvoffset=\dimen121
\Gm@dimlist=\toks20
)
(/usr/share/texlive/texmf-dist/tex/latex/float/float.sty
Package: float 2001/11/08 v1.3d Float enhancements (AL)
\c@float@type=\count103
\float@exts=\toks21
\float@box=\box28
\@float@everytoks=\toks22
\@floatcapt=\box29
) (./report.aux)
\openout1 = `report.aux'.

LaTeX Font Info:    Checking defaults for OML/cmm/m/it on input line 7.
LaTeX Font Info:    ... okay on input line 7.
LaTeX Font Info:    Checking defaults for T1/cmr/m/n on input line 7.
LaTeX Font Info:    ... okay on input line 7.
LaTeX Font Info:    Checking defaults for OT1/cmr/m/n on input line 7.
LaTeX Font Info:    ... okay on input line 7.
LaTeX Font Info:    Checking defaults for OMS/cmsy/m/n on input line 7.
LaTeX Font Info:    ... okay on input line 7.
LaTeX Font Info:    Checking defaults for OMX/cmex/m/n on input line 7.
LaTeX Font Info:    ... okay on input line 7.
LaTeX Font Info:    Checking defaults for U/cmr/m/n on input line 7.
LaTeX Font Info:    ... okay on input line 7.

(/usr/share/texlive/texmf-dist/tex/context/base/supp-pdf.mkii
[Loading MPS to PDF converter (version 2006.09.02).]
\scratchcounter=\count104
\scratchdimen=\dimen122
\scratchbox=\box30
\nofMPsegments=\count105
\nofMParguments=\count106
\everyMPshowfont=\toks23
\MPscratchCnt=\count107
\MPscratchDim=\dimen123
\MPnumerator=\count108
\makeMPintoPDFobject=\count109
\everyMPtoPDFconversion=\toks24
) (/usr/share/texlive/texmf-dist/tex/generic/oberdiek/pdftexcmds.sty
Package: pdftexcmds 2011/11/29 v0.20 Utility functions of pdfTeX for LuaTeX (HO
)

(/usr/share/texlive/texmf-dist/tex/generic/oberdiek/ifluatex.sty
Package: ifluatex 2010/03/01 v1.3 Provides the ifluatex switch (HO)
Package ifluatex Info: LuaTeX not detected.
)
Package pdftexcmds Info: LuaTeX not detected.
Package pdftexcmds Info: \pdf@primitive is available.
Package pdftexcmds Info: \pdf@ifprimitive is available.
Package pdftexcmds Info: \pdfdraftmode found.
)
(/usr/share/texlive/texmf-dist/tex/latex/oberdiek/epstopdf-base.sty
Package: epstopdf-base 2010/02/09 v2.5 Base part for package epstopdf

(/usr/share/texlive/texmf-dist/tex/latex/oberdiek/grfext.sty
Package: grfext 2010/08/19 v1.1 Manage graphics extensions (HO)

(/usr/share/texlive/texmf-dist/tex/generic/oberdiek/kvdefinekeys.sty
Package: kvdefinekeys 2011/04/07 v1.3 Define keys (HO)
))
(/usr/share/texlive/texmf-dist/tex/latex/oberdiek/kvoptions.sty
Package: kvoptions 2011/06/30 v3.11 Key value format for package options (HO)

(/usr/share/texlive/texmf-dist/tex/generic/oberdiek/kvsetkeys.sty
Package: kvsetkeys 2012/04/25 v1.16 Key value parser (HO)

(/usr/share/texlive/texmf-dist/tex/generic/oberdiek/etexcmds.sty
Package: etexcmds 2011/02/16 v1.5 Avoid name clashes with e-TeX commands (HO)
Package etexcmds Info: Could not find \expanded.
(etexcmds)             That can mean that you are not using pdfTeX 1.50 or
(etexcmds)             that some package has redefined \expanded.
(etexcmds)             In the latter case, load this package earlier.
)))
Package grfext Info: Graphics extension search list:
(grfext)             [.png,.pdf,.jpg,.mps,.jpeg,.jbig2,.jb2,.PNG,.PDF,.JPG,.JPE
G,.JBIG2,.JB2,.eps]
(grfext)             \AppendGraphicsExtensions on input line 452.

(/usr/share/texlive/texmf-dist/tex/latex/latexconfig/epstopdf-sys.cfg
File: epstopdf-sys.cfg 2010/07/13 v1.3 Configuration of (r)epstopdf for TeX Liv
e
))
*geometry* driver: auto-detecting
*geometry* detected driver: pdftex
*geometry* verbose mode - [ preamble ] result:
* driver: pdftex
* paper: a4paper
* layout: <same size as paper>
* layoutoffset:(h,v)=(0.0pt,0.0pt)
* modes: 
* h-part:(L,W,R)=(72.26999pt, 452.9679pt, 72.26999pt)
* v-part:(T,H,B)=(72.26999pt, 700.50687pt, 72.26999pt)
* \paperwidth=597.50787pt
* \paperheight=845.04684pt
* \textwidth=452.9679pt
* \textheight=700.50687pt
* \oddsidemargin=0.0pt
* \evensidemargin=0.0pt
* \topmargin=-37.0pt
* \headheight=12.0pt
* \headsep=25.0pt
* \topskip=12.0pt
* \footskip=30.0pt
* \marginparwidth=35.0pt
* \marginparsep=10.0pt
* \columnsep=10.0pt
* \skip\footins=10.8pt plus 4.0pt minus 2.0pt
* \hoffset=0.0pt
* \voffset=0.0pt
* \mag=1000
* \@twocolumnfalse
* \@twosidefalse
* \@mparswitchfalse
* \@reversemarginfalse
* (1in=72.27pt=25.4mm, 1cm=28.453pt)

[1

{/var/lib/texmf/fonts/map/pdftex/updmap/pdftex.map}]
Underfull \hbox (badness 10000) in paragraph at lines 16--18

 []

<images/fts_schematics.PNG, id=8, 376.78265pt x 240.9pt>
File: images/fts_schematics.PNG Graphic file (type png)

<use images/fts_schematics.PNG>
Package pdftex.def Info: images/fts_schematics.PNG used on input line 29.
(pdftex.def)             Requested size: 452.9679pt x 289.60785pt.

<images/control_loop.PNG, id=10, 786.68906pt x 249.18094pt>
File: images/control_loop.PNG Graphic file (type png)

<use images/control_loop.PNG>
Package pdftex.def Info: images/control_loop.PNG used on input line 36.
(pdftex.def)             Requested size: 452.9679pt x 143.47943pt.

Underfull \hbox (badness 10000) in paragraph at lines 33--46

 []


Underfull \hbox (badness 10000) in paragraph at lines 33--46

 []


Underfull \hbox (badness 10000) in paragraph at lines 33--46

 []

LaTeX Font Info:    Try loading font information for OMS+cmr on input line 47.
(/usr/share/texlive/texmf-dist/tex/latex/base/omscmr.fd
File: omscmr.fd 2014/09/29 v2.5h Standard LaTeX font definitions
)
LaTeX Font Info:    Font shape `OMS/cmr/m/n' in size <12> not available
(Font)              Font shape `OMS/cmsy/m/n' tried instead on input line 47.
 [1 <./images/fts_schematics.PNG>] <images/current_loop_schematic.PNG, id=19, 4
77.28313pt x 264.99pt>
File: images/current_loop_schematic.PNG Graphic file (type png)

<use images/current_loop_schematic.PNG>
Package pdftex.def Info: images/current_loop_schematic.PNG used on input line 6
8.
(pdftex.def)             Requested size: 452.9679pt x 251.48837pt.

<images/current_loop_block.PNG, id=20, 724.20563pt x 169.75922pt>
File: images/current_loop_block.PNG Graphic file (type png)

<use images/current_loop_block.PNG>
Package pdftex.def Info: images/current_loop_block.PNG used on input line 74.
(pdftex.def)             Requested size: 452.9679pt x 106.17953pt.

<images/mechanical_model.PNG, id=21, 462.22687pt x 163.3603pt>
File: images/mechanical_model.PNG Graphic file (type png)

<use images/mechanical_model.PNG>
Package pdftex.def Info: images/mechanical_model.PNG used on input line 85.
(pdftex.def)             Requested size: 452.9679pt x 160.0895pt.

Underfull \hbox (badness 10000) in paragraph at lines 78--97

 []


Underfull \hbox (badness 10000) in paragraph at lines 78--97

 []


Underfull \hbox (badness 10000) in paragraph at lines 78--97

 []

<images/p_elec_emf_1.jpg, id=22, 1279.78125pt x 1656.1875pt>
File: images/p_elec_emf_1.jpg Graphic file (type jpg)

<use images/p_elec_emf_1.jpg>
Package pdftex.def Info: images/p_elec_emf_1.jpg used on input line 104.
(pdftex.def)             Requested size: 452.9679pt x 586.19434pt.

Underfull \hbox (badness 10000) in paragraph at lines 98--105

 []

[2 <./images/control_loop.PNG>] [3 <./images/current_loop_schematic.PNG> <./ima
ges/current_loop_block.PNG> <./images/mechanical_model.PNG>]
<images/p_elec_emf_2.jpg, id=35, 1279.78125pt x 1656.1875pt>
File: images/p_elec_emf_2.jpg Graphic file (type jpg)

<use images/p_elec_emf_2.jpg>
Package pdftex.def Info: images/p_elec_emf_2.jpg used on input line 108.
(pdftex.def)             Requested size: 452.9679pt x 586.19434pt.

<images/p_elec_emf_3.jpg, id=36, 996.72375pt x 493.0922pt>
File: images/p_elec_emf_3.jpg Graphic file (type jpg)

<use images/p_elec_emf_3.jpg>
Package pdftex.def Info: images/p_elec_emf_3.jpg used on input line 112.
(pdftex.def)             Requested size: 452.9679pt x 224.08643pt.
 [4 <./images/p_elec_emf_1.jpg>] [5 <./images/p_elec_emf_2.jpg>] <images/p_elec
_noemf_1.jpg, id=43, 1113.40968pt x 947.79094pt>
File: images/p_elec_noemf_1.jpg Graphic file (type jpg)

<use images/p_elec_noemf_1.jpg>
Package pdftex.def Info: images/p_elec_noemf_1.jpg used on input line 120.
(pdftex.def)             Requested size: 452.9679pt x 385.58868pt.

Underfull \hbox (badness 10000) in paragraph at lines 114--121

 []

<images/p_elec_noemf_2.jpg, id=44, 935.74594pt x 268.75406pt>
File: images/p_elec_noemf_2.jpg Graphic file (type jpg)

<use images/p_elec_noemf_2.jpg>
Package pdftex.def Info: images/p_elec_noemf_2.jpg used on input line 124.
(pdftex.def)             Requested size: 452.9679pt x 130.0995pt.
 [6 <./images/p_elec_emf_3.jpg> <./images/p_elec_noemf_1.jpg>] <images/p_elec_h
igh_freq.jpg, id=49, 1005.7575pt x 493.845pt>
File: images/p_elec_high_freq.jpg Graphic file (type jpg)

<use images/p_elec_high_freq.jpg>
Package pdftex.def Info: images/p_elec_high_freq.jpg used on input line 133.
(pdftex.def)             Requested size: 452.9679pt x 222.40904pt.

Underfull \hbox (badness 10000) in paragraph at lines 126--134

 []

<images/c_elec_1.jpg, id=50, 954.56625pt x 386.19281pt>
File: images/c_elec_1.jpg Graphic file (type jpg)

<use images/c_elec_1.jpg>
Package pdftex.def Info: images/c_elec_1.jpg used on input line 146.
(pdftex.def)             Requested size: 452.9679pt x 183.25491pt.

Underfull \hbox (badness 10000) in paragraph at lines 135--147

 []

<images/c_elec_2.jpg, id=51, 1279.78125pt x 1656.1875pt>
File: images/c_elec_2.jpg Graphic file (type jpg)

<use images/c_elec_2.jpg>
Package pdftex.def Info: images/c_elec_2.jpg used on input line 150.
(pdftex.def)             Requested size: 452.9679pt x 586.19434pt.
 [7 <./images/p_elec_noemf_2.jpg> <./images/p_elec_high_freq.jpg>] <images/c_el
ec_3.jpg, id=55, 1279.78125pt x 1656.1875pt>
File: images/c_elec_3.jpg Graphic file (type jpg)

<use images/c_elec_3.jpg>
Package pdftex.def Info: images/c_elec_3.jpg used on input line 154.
(pdftex.def)             Requested size: 452.9679pt x 586.19434pt.
 [8 <./images/c_elec_1.jpg>]
<images/c_elec_4.jpg, id=59, 1279.78125pt x 1656.1875pt>
File: images/c_elec_4.jpg Graphic file (type jpg)

<use images/c_elec_4.jpg>
Package pdftex.def Info: images/c_elec_4.jpg used on input line 158.
(pdftex.def)             Requested size: 452.9679pt x 586.19434pt.
 [9 <./images/c_elec_2.jpg>] [10 <./images/c_elec_3.jpg>] <images/fts_measured_
bode.PNG, id=66, 440.0189pt x 375.65344pt>
File: images/fts_measured_bode.PNG Graphic file (type png)

<use images/fts_measured_bode.PNG>
Package pdftex.def Info: images/fts_measured_bode.PNG used on input line 169.
(pdftex.def)             Requested size: 452.9679pt x 386.721pt.
 [11 <./images/c_elec_4.jpg>]
<images/mechanical_derivation.jpg, id=70, 1279.78125pt x 1656.1875pt>
File: images/mechanical_derivation.jpg Graphic file (type jpg)

<use images/mechanical_derivation.jpg>
Package pdftex.def Info: images/mechanical_derivation.jpg used on input line 18
6.
(pdftex.def)             Requested size: 452.9679pt x 586.19434pt.
 [12 <./images/fts_measured_bode.PNG>]
[13 <./images/mechanical_derivation.jpg>]
Underfull \hbox (badness 10000) in paragraph at lines 224--226

 []


Underfull \hbox (badness 10000) in paragraph at lines 228--238

 []


Underfull \hbox (badness 10000) in paragraph at lines 244--253

 []

[14]
Underfull \hbox (badness 10000) in paragraph at lines 255--265

 []

[15] (./report.aux) ) 
Here is how much of TeX's memory you used:
 2745 strings out of 494953
 38586 string characters out of 6180976
 105155 words of memory out of 5000000
 5987 multiletter control sequences out of 15000+600000
 9626 words of font info for 35 fonts, out of 8000000 for 9000
 14 hyphenation exceptions out of 8191
 38i,6n,32p,238b,296s stack positions out of 5000i,500n,10000p,200000b,80000s
</usr/share/texlive/texmf-dist/fonts/type1/public/amsfonts
/cm/cmbx12.pfb></usr/share/texlive/texmf-dist/fonts/type1/public/amsfonts/cm/cm
mi12.pfb></usr/share/texlive/texmf-dist/fonts/type1/public/amsfonts/cm/cmmi6.pf
b></usr/share/texlive/texmf-dist/fonts/type1/public/amsfonts/cm/cmmi8.pfb></usr
/share/texlive/texmf-dist/fonts/type1/public/amsfonts/cm/cmr12.pfb></usr/share/
texlive/texmf-dist/fonts/type1/public/amsfonts/cm/cmr17.pfb></usr/share/texlive
/texmf-dist/fonts/type1/public/amsfonts/cm/cmr6.pfb></usr/share/texlive/texmf-d
ist/fonts/type1/public/amsfonts/cm/cmr8.pfb></usr/share/texlive/texmf-dist/font
s/type1/public/amsfonts/cm/cmsy10.pfb></usr/share/texlive/texmf-dist/fonts/type
1/public/amsfonts/cm/cmsy8.pfb>
Output written on report.pdf (16 pages, 5619232 bytes).
PDF statistics:
 120 PDF objects out of 1000 (max. 8388607)
 68 compressed objects within 1 object stream
 0 named destinations out of 1000 (max. 500000)
 86 words of extra memory for PDF output out of 10000 (max. 10000000)

